
Showing logs for build [32mcb-kubecd-bdd-gh-1592923396-pr-x497g-1[0m stage [32mfrom-build-pack[0m and container [32mstep-credential-initializer-sn572[0m
{"level":"info","ts":1592924629.0128958,"logger":"fallback-logger","caller":"logging/config.go:69","msg":"Fetch GitHub commit ID from kodata failed: open /var/run/ko/refs/heads/0.8.0-ns-support: no such file or directory"}
{"level":"info","ts":1592924629.0134048,"logger":"fallback-logger","caller":"creds-init/main.go:40","msg":"Credentials initialized."}

Showing logs for build [32mcb-kubecd-bdd-gh-1592923396-pr-x497g-1[0m stage [32mfrom-build-pack[0m and container [32mstep-working-dir-initializer-6rrxg[0m
{"level":"info","ts":1592924630.494002,"logger":"fallback-logger","caller":"logging/config.go:69","msg":"Fetch GitHub commit ID from kodata failed: open /var/run/ko/HEAD: no such file or directory"}
{"level":"info","ts":1592924630.4986656,"logger":"fallback-logger","caller":"bash/main.go:64","msg":"Successfully executed command \"sh -c mkdir -p /workspace/source\"; output "}

Showing logs for build [32mcb-kubecd-bdd-gh-1592923396-pr-x497g-1[0m stage [32mfrom-build-pack[0m and container [32mstep-place-tools[0m

Showing logs for build [32mcb-kubecd-bdd-gh-1592923396-pr-x497g-1[0m stage [32mfrom-build-pack[0m and container [32mstep-git-source-cb-kubecd-bdd-gh-1592923396-pr-x497g-rhw8t[0m
{"level":"info","ts":1592924637.0102928,"logger":"fallback-logger","caller":"logging/config.go:69","msg":"Fetch GitHub commit ID from kodata failed: open /var/run/ko/refs/heads/0.8.0-ns-support: no such file or directory"}
{"level":"info","ts":1592924638.0863268,"logger":"fallback-logger","caller":"git/git.go:103","msg":"Successfully cloned https://github.com/cb-kubecd/bdd-gh-1592923396.git @ master in path /workspace/source"}

Showing logs for build [32mcb-kubecd-bdd-gh-1592923396-pr-x497g-1[0m stage [32mfrom-build-pack[0m and container [32mstep-git-merge[0m
Using SHAs from PULL_REFS=master:52c66fd799bf0701e050360dc227aa4a3c9b493a,1:321008baf3857674c4a48d284772064709dbddb2
DEBUG: LC_ALL=C JX_LOG_LEVEL=error git fetch origin --unshallow 321008baf3857674c4a48d284772064709dbddb2: 52c66fd799bf0701e050360dc227aa4a3c9b493a:
DEBUG: ran git fetch --unshallow origin 321008baf3857674c4a48d284772064709dbddb2: 52c66fd799bf0701e050360dc227aa4a3c9b493a: in 
DEBUG: LC_ALL=C JX_LOG_LEVEL=error git branch
DEBUG: LC_ALL=C JX_LOG_LEVEL=error git checkout master
DEBUG: ran git checkout master in 
DEBUG: LC_ALL=C JX_LOG_LEVEL=error git reset --hard 52c66fd799bf0701e050360dc227aa4a3c9b493a
DEBUG: ran git reset --hard 52c66fd799bf0701e050360dc227aa4a3c9b493a in 
DEBUG: LC_ALL=C JX_LOG_LEVEL=error git clean -fd .
DEBUG: ran clean --force -d . in 
DEBUG: LC_ALL=C JX_LOG_LEVEL=error git merge 321008baf3857674c4a48d284772064709dbddb2
DEBUG: ran git merge 321008baf3857674c4a48d284772064709dbddb2 in 
DEBUG: LC_ALL=C JX_LOG_LEVEL=error git log --format=%H%x1f%an%x1f%ae%x1f%cn%x1f%ce%x1f%s%n%b%x1e 52c66fd799bf0701e050360dc227aa4a3c9b493a..HEAD
Merged SHA 321008baf3857674c4a48d284772064709dbddb2 with commit message 'My first PR commit' into base branch master

Showing logs for build [32mcb-kubecd-bdd-gh-1592923396-pr-x497g-1[0m stage [32mfrom-build-pack[0m and container [32mstep-build-make-linux[0m
CGO_ENABLED=0 GOOS=linux GOARCH=amd64 GO15VENDOREXPERIMENT=1 go build -ldflags '' -o bin/bdd-gh-1592923396 main.go

Showing logs for build [32mcb-kubecd-bdd-gh-1592923396-pr-x497g-1[0m stage [32mfrom-build-pack[0m and container [32mstep-build-container-build[0m
E0623 15:04:11.763147      11 aws_credentials.go:77] while getting AWS credentials NoCredentialProviders: no valid providers in chain. Deprecated.
	For verbose messaging see aws.Config.CredentialsChainVerboseErrors
[36mINFO[0m[0001] Using dockerignore file: /workspace/source/.dockerignore 
[36mINFO[0m[0001] No base image, nothing to extract            
[36mINFO[0m[0001] Built cross stage deps: map[]                
[36mINFO[0m[0001] No base image, nothing to extract            
[36mINFO[0m[0001] Executing 0 build triggers                   
[36mINFO[0m[0001] cmd: EXPOSE                                  
[36mINFO[0m[0001] Adding exposed port: 8080/tcp                
[36mINFO[0m[0001] Checking for cached layer gcr.io/jenkins-x-bdd3/cache:50846bb4f29fdbf3320fb62bb1e69bf45768118518b55f1a040183ae41ac2ad1... 
[36mINFO[0m[0002] Using caching version of cmd: COPY ./bin/ /  
[36mINFO[0m[0002] Skipping unpacking as no commands require it. 
[36mINFO[0m[0002] EXPOSE 8080                                  
[36mINFO[0m[0002] cmd: EXPOSE                                  
[36mINFO[0m[0002] Adding exposed port: 8080/tcp                
[36mINFO[0m[0002] No files changed in this command, skipping snapshotting. 
[36mINFO[0m[0002] ENTRYPOINT ["/bdd-gh-1592923396"]            
[36mINFO[0m[0002] No files changed in this command, skipping snapshotting. 
[36mINFO[0m[0002] COPY ./bin/ /                                
[36mINFO[0m[0002] Found cached layer, extracting to filesystem 

Showing logs for build [32mcb-kubecd-bdd-gh-1592923396-pr-x497g-1[0m stage [32mfrom-build-pack[0m and container [32mstep-postbuild-post-build[0m
no CVE provider running in the current ** namespace so skip adding image to be analysed

Showing logs for build [32mcb-kubecd-bdd-gh-1592923396-pr-x497g-1[0m stage [32mfrom-build-pack[0m and container [32mstep-promote-make-preview[0m
sed -i -e "s/version:.*/version: 0.0.0-SNAPSHOT-PR-1-1/" Chart.yaml
sed -i -e "s/version:.*/version: 0.0.0-SNAPSHOT-PR-1-1/" ../*/Chart.yaml
sed -i -e "s|repository:.*|repository: gcr.io\/jenkins-x-bdd3\/bdd-gh-1592923396|" values.yaml
sed -i -e "s/tag:.*/tag: 0.0.0-SNAPSHOT-PR-1-1/" values.yaml
echo "  version: 0.0.0-SNAPSHOT-PR-1-1" >> requirements.yaml
** step helm build
WARNING: No $CHART_REPOSITORY defined so using the default value of: http://jenkins-x-chartmuseum:8080
Adding missing Helm repo: storage.googleapis.com https://storage.googleapis.com/chartmuseum.jenkins-x.io
WARNING: No secrets found on "helm/repos" due: reading the secret "helm/repos" from vault: no secret "helm/repos" not found in vault
Read credentials for https://storage.googleapis.com/chartmuseum.jenkins-x.io from vault helm/repos
Successfully added Helm repository storage.googleapis.com.
Adding missing Helm repo: jenkins-x-chartmuseum http://jenkins-x-chartmuseum:8080
WARNING: No secrets found on "helm/repos" due: reading the secret "helm/repos" from vault: no secret "helm/repos" not found in vault
Read credentials for http://jenkins-x-chartmuseum:8080 from vault helm/repos
Successfully added Helm repository jenkins-x-chartmuseum.
WARNING: No $CHART_REPOSITORY defined so using the default value of: http://jenkins-x-chartmuseum:8080
Adding missing Helm repo: chartmuseum.jenkins-x.io http://chartmuseum.jenkins-x.io
WARNING: No secrets found on "helm/repos" due: reading the secret "helm/repos" from vault: no secret "helm/repos" not found in vault
Read credentials for http://chartmuseum.jenkins-x.io from vault helm/repos
Successfully added Helm repository chartmuseum.jenkins-x.io.

Showing logs for build [32mcb-kubecd-bdd-gh-1592923396-pr-x497g-1[0m stage [32mfrom-build-pack[0m and container [32mstep-promote-jx-preview[0m
Creating a preview
Created environment cb-kubecd-bdd-gh-1592923396-pr-1
Namespace **-cb-kubecd-bdd-gh-1592923396-pr-1 created 
expose:
  Annotations:
    helm.sh/hook: post-install,post-upgrade
    helm.sh/hook-delete-policy: hook-succeeded
  config:
    domain: 35.205.146.206.nip.io
    exposer: Ingress
    http: "true"
preview:
  image:
    repository: gcr.io/jenkins-x-bdd3/bdd-gh-1592923396
    tag: 0.0.0-SNAPSHOT-PR-1-1

Updating PipelineActivities cb-kubecd-bdd-gh-1592923396-pr-1-1 which has status Running
WARNING: preview application http://bdd-gh-1592923396.**-cb-kubecd-bdd-gh-1592923396-pr-1.35.205.146.206.nip.io not available, error was 503 503 Service Temporarily Unavailable, delaying for: 1.253161278s
WARNING: preview application http://bdd-gh-1592923396.**-cb-kubecd-bdd-gh-1592923396-pr-1.35.205.146.206.nip.io not available, error was 503 503 Service Temporarily Unavailable, delaying for: 1.99789628s
Preview application is now available at: http://bdd-gh-1592923396.**-cb-kubecd-bdd-gh-1592923396-pr-1.35.205.146.206.nip.io
